NUM_PROCESOS: -213352416
SIMULATE_SLEEP_MAX: 2078226687
SIMULATE_SLEEP_MIN: 2078226687
Caught signalWriting shared memory to file before exiting...NUM_PROCESOS: -188149728
SIMULATE_SLEEP_MAX: -507555263
SIMULATE_SLEEP_MIN: -507555263
Caught signalWriting shared memory to file before exiting...NUM_PROCESOS: 657264672
SIMULATE_SLEEP_MAX: -1828548002
SIMULATE_SLEEP_MIN: -1828548002
Caught signalWriting shared memory to file before exiting...NUM_PROCESOS: 179105824
SIMULATE_SLEEP_MAX: 1292940624
SIMULATE_SLEEP_MIN: 1292940624
Caught signalWriting shared memory to file before exiting...NUM_PROCESOS: 665309216
SIMULATE_SLEEP_MAX: -975006435
SIMULATE_SLEEP_MIN: -975006435
New file H= created in (null).
File H= modified in (null).
Caught signalWriting shared memory to file before exiting...NUM_PROCESOS: 1325379616
SIMULATE_SLEEP_MAX: -1322974996
SIMULATE_SLEEP_MIN: -1322974996
New file H= created in (null).
File H= modified in (null).
Caught signalWriting shared memory to file before exiting...NUM_PROCESOS: 1243525152
SIMULATE_SLEEP_MAX: -398151061
SIMULATE_SLEEP_MIN: -398151061
New file H= created in (null).
File H= modified in (null).
New file H= created in (null).
New file H= created in (null).
File H= modified in (null).
New file H= created in (null).
File H= modified in (null).
File H= modified in (null).
Caught signalWriting shared memory to file before exiting...NUM_PROCESOS: -1663143904
SIMULATE_SLEEP_MAX: -1295397151
SIMULATE_SLEEP_MIN: -1295397151
New file H= created in (null).
File H= modified in (null).
File H= modified in (null).
Caught signalWriting shared memory to file before exiting...NUM_PROCESOS: 1152630816
SIMULATE_SLEEP_MAX: 1578388741
SIMULATE_SLEEP_MIN: 1578388741
New file H= created in (null).
File H= modified in (null).
New file H= created in (null).
File H= modified in (null).
File H= modified in (null).
New file H= created in (null).
NUM_PROCESOS: 1154035744
SIMULATE_SLEEP_MAX: -525051848
SIMULATE_SLEEP_MIN: -525051848
New file H= created in (null).
NUM_PROCESOS: 975212576
SIMULATE_SLEEP_MAX: 388217793
SIMULATE_SLEEP_MIN: 388217793
New file H= created in (null).
File H= modified in (null).
New file H= created in (null).
File H= modified in (null).
New file H= created in (null).
NUM_PROCESOS: -152907744
SIMULATE_SLEEP_MAX: -995128664
SIMULATE_SLEEP_MIN: -995128664
New file H= created in (null).
NUM_PROCESOS: -1258561504
SIMULATE_SLEEP_MAX: -1113887237
SIMULATE_SLEEP_MIN: -1113887237
New file H= created in (null).
File H= modified in (null).
New file H= created in (null).
NUM_PROCESOS: 1425666080
SIMULATE_SLEEP_MAX: 719678062
SIMULATE_SLEEP_MIN: 719678062
New file H= created in (null).
NUM_PROCESOS: 2021089312
SIMULATE_SLEEP_MAX: -1359507552
SIMULATE_SLEEP_MIN: -1359507552
New file H= created in (null).
File H= modified in (null).
Caught signalWriting shared memory to file before exiting...NUM_PROCESOS: -1310679008
SIMULATE_SLEEP_MAX: -867486570
SIMULATE_SLEEP_MIN: -867486570
Caught signalWriting shared memory to file before exiting...NUM_PROCESOS: -2140360672
SIMULATE_SLEEP_MAX: -1572337758
SIMULATE_SLEEP_MIN: -1572337758
New file H= created in (null).
File H= modified in (null).
Caught signalWriting shared memory to file before exiting...NUM_PROCESOS: -1077276640
SIMULATE_SLEEP_MAX: 1733036507
SIMULATE_SLEEP_MIN: 1733036507
Caught signalWriting shared memory to file before exiting...NUM_PROCESOS: -748302304
SIMULATE_SLEEP_MAX: 145572121
SIMULATE_SLEEP_MIN: 145572121
New file H= created in (null).
NUM_PROCESOS: 441450528
SIMULATE_SLEEP_MAX: -1762545802
SIMULATE_SLEEP_MIN: -1762545802
New file H= created in (null).
File H= modified in (null).
Caught signalWriting shared memory to file before exiting...NUM_PROCESOS: -291217376
SIMULATE_SLEEP_MAX: -1204883959
SIMULATE_SLEEP_MIN: -1204883959
New file H= created in (null).
NUM_PROCESOS: -1275146208
SIMULATE_SLEEP_MAX: 1450924653
SIMULATE_SLEEP_MIN: 1450924653
New file H= created in (null).
File H= modified in (null).
Caught signalWriting shared memory to file before exiting...NUM_PROCESOS: -298201056
SIMULATE_SLEEP_MAX: 985591742
SIMULATE_SLEEP_MIN: 985591742
